<?xml version="1.0" encoding="UTF-8"?>
<!-- Generated by org.testng.reporters.JUnitReportReporter -->
<testsuite skipped="0" hostname="DESKTOP-N60QB27" name="runner.RunCuke" tests="5" failures="0" timestamp="2022-11-28T13:39:56 IST" time="0.314" errors="0">
  <testcase name="runScenario" time="0.030" classname="runner.RunCuke"/>
  <system-out/>
  <testcase name="runScenario" time="0.024" classname="runner.RunCuke"/>
  <system-out/>
  <testcase name="runScenario" time="0.167" classname="runner.RunCuke"/>
  <system-out/>
  <testcase name="runScenario" time="0.058" classname="runner.RunCuke"/>
  <system-out/>
  <testcase name="runScenario" time="0.035" classname="runner.RunCuke"/>
  <system-out/>
</testsuite> <!-- runner.RunCuke -->
